\BOOKMARK [1][-]{section*.1}{\376\377\000A\000b\000s\000t\000r\000a\000c\000t}{}% 1
\BOOKMARK [1][-]{section.1}{\376\377\0001\000\040\000I\000N\000T\000R\000O\000D\000U\000C\000T\000I\000O\000N}{}% 2
\BOOKMARK [1][-]{section.2}{\376\377\0002\000\040\000B\000A\000C\000K\000G\000R\000O\000U\000N\000D}{}% 3
\BOOKMARK [1][-]{section.3}{\376\377\0003\000\040\000D\000E\000F\000I\000N\000I\000T\000I\000O\000N\000S\000\040\000A\000N\000D\000\040\000N\000O\000T\000A\000T\000I\000O\000N\000S}{}% 4
\BOOKMARK [1][-]{section.4}{\376\377\0004\000\040\000R\000E\000G\000U\000L\000A\000R\000\040\000E\000X\000P\000R\000E\000S\000S\000I\000O\000N\000S\000\040\000A\000N\000D\000\040\000F\000I\000N\000I\000T\000E\000\040\000A\000U\000T\000O\000M\000A\000T\000A}{}% 5
\BOOKMARK [2][-]{subsection.4.1}{\376\377\0004\000.\0001\000\040\000C\000l\000a\000i\000m\000\040\0001}{section.4}% 6
\BOOKMARK [2][-]{subsection.4.2}{\376\377\0004\000.\0002\000\040\000C\000l\000a\000i\000m\000\040\0002}{section.4}% 7
\BOOKMARK [2][-]{subsection.4.3}{\376\377\0004\000.\0003\000\040\000D\000F\000A\000\040\000a\000n\000d\000\040\000N\000F\000A\000\040\000A\000l\000g\000o\000r\000i\000t\000h\000m\000s}{section.4}% 8
\BOOKMARK [2][-]{subsection.4.4}{\376\377\0004\000.\0004\000\040\000T\000u\000r\000i\000n\000g\000\040\000M\000a\000c\000h\000i\000n\000e\000\040\000D\000e\000s\000i\000g\000n\000\040\000f\000o\000r\000\040\000S\000u\000f\000f\000i\000x\000\040\000D\000e\000t\000e\000c\000t\000i\000o\000n}{section.4}% 9
\BOOKMARK [1][-]{section.5}{\376\377\0005\000\040\000C\000O\000N\000T\000E\000X\000T\000-\000F\000R\000E\000E\000\040\000L\000A\000N\000G\000U\000A\000G\000E\000\040\000P\000R\000O\000O\000F\000S}{}% 10
\BOOKMARK [2][-]{subsection.5.1}{\376\377\0005\000.\0001\000\040\000C\000l\000a\000i\000m\000\040\0001}{section.5}% 11
\BOOKMARK [2][-]{subsection.5.2}{\376\377\0005\000.\0002\000\040\000C\000l\000a\000i\000m\000\040\0002}{section.5}% 12
\BOOKMARK [2][-]{subsection.5.3}{\376\377\0005\000.\0003\000\040\000C\000l\000a\000i\000m\000\040\0003}{section.5}% 13
\BOOKMARK [2][-]{subsection.5.4}{\376\377\0005\000.\0004\000\040\000R\000e\000c\000o\000g\000n\000i\000z\000i\000n\000g\000\040\000P\000a\000l\000i\000n\000d\000r\000o\000m\000i\000c\000\040\000S\000u\000f\000f\000i\000x\000e\000s\000\040\000w\000i\000t\000h\000\040\000a\000\040\000P\000D\000A}{section.5}% 14
\BOOKMARK [1][-]{section.6}{\376\377\0006\000\040\000C\000L\000O\000S\000U\000R\000E\000\040\000P\000R\000O\000P\000E\000R\000T\000I\000E\000S\000\040\000A\000N\000D\000\040\000S\000U\000F\000F\000I\000X\000\040\000O\000P\000E\000R\000A\000T\000O\000R}{}% 15
\BOOKMARK [2][-]{subsection.6.1}{\376\377\0006\000.\0001\000\040\000C\000l\000a\000i\000m\000\040\0001}{section.6}% 16
\BOOKMARK [2][-]{subsection.6.2}{\376\377\0006\000.\0002\000\040\000C\000l\000a\000i\000m\000\040\0002}{section.6}% 17
\BOOKMARK [2][-]{subsection.6.3}{\376\377\0006\000.\0003\000\040\000C\000l\000a\000i\000m\000\040\0003}{section.6}% 18
\BOOKMARK [2][-]{subsection.6.4}{\376\377\0006\000.\0004\000\040\000C\000l\000a\000i\000m\000\040\0004}{section.6}% 19
\BOOKMARK [2][-]{subsection.6.5}{\376\377\0006\000.\0005\000\040\000C\000l\000a\000i\000m\000\040\0005}{section.6}% 20
\BOOKMARK [2][-]{subsection.6.6}{\376\377\0006\000.\0006\000\040\000C\000l\000a\000i\000m\000\040\0006}{section.6}% 21
\BOOKMARK [2][-]{subsection.6.7}{\376\377\0006\000.\0007\000\040\000C\000l\000a\000i\000m\000\040\0007}{section.6}% 22
\BOOKMARK [2][-]{subsection.6.8}{\376\377\0006\000.\0008\000\040\000C\000l\000a\000i\000m\000\040\0008}{section.6}% 23
\BOOKMARK [1][-]{section.7}{\376\377\0007\000\040\000I\000M\000P\000L\000E\000M\000E\000N\000T\000A\000T\000I\000O\000N\000\040\000A\000N\000D\000\040\000E\000X\000P\000E\000R\000I\000M\000E\000N\000T\000A\000L\000\040\000V\000A\000L\000I\000D\000A\000T\000I\000O\000N}{}% 24
\BOOKMARK [2][-]{subsection.7.1}{\376\377\0007\000.\0001\000\040\000D\000F\000A\000\040\000S\000u\000f\000f\000i\000x\000\040\000C\000h\000e\000c\000k\000\040\000A\000l\000g\000o\000r\000i\000t\000h\000m}{section.7}% 25
\BOOKMARK [2][-]{subsection.7.2}{\376\377\0007\000.\0002\000\040\000F\000i\000n\000i\000t\000e\000\040\000N\000F\000A\000\040\000C\000h\000e\000c\000k\000\040\000A\000l\000g\000o\000r\000i\000t\000h\000m}{section.7}% 26
\BOOKMARK [1][-]{section.8}{\376\377\0008\000\040\000D\000i\000s\000c\000u\000s\000s\000i\000o\000n}{}% 27
\BOOKMARK [1][-]{section.9}{\376\377\0009\000\040\000F\000u\000t\000u\000r\000e\000\040\000W\000o\000r\000k}{}% 28
\BOOKMARK [1][-]{section.10}{\376\377\0001\0000\000\040\000C\000o\000n\000c\000l\000u\000s\000i\000o\000n}{}% 29
\BOOKMARK [1][-]{section.11}{\376\377\0001\0001\000\040\000G\000e\000n\000e\000r\000a\000t\000i\000v\000e\000\040\000A\000I\000\040\000D\000i\000s\000c\000l\000o\000s\000u\000r\000e}{}% 30
\BOOKMARK [1][-]{section.12}{\376\377\0001\0002\000\040\000A\000c\000k\000n\000o\000w\000l\000e\000d\000g\000m\000e\000n\000t\000s}{}% 31
